1600752446295:addBook ArsBook
1600752456282:addBook
1600752521908:add-book Ars
1600753844360:-bc
1600755377964:-gb 1
1600755397740:-gb 100
1600755819189:-gc 100
1600755826616:-gb 100
1600755875983:-gc 100
1600755884283:gb 100-
1600755887657:-gb 100
1600756536109:-gb
1600756623621:-gb 1
1600756746520:-gb 2
1600756780212:-gb 1
1600757266392:-gb 100
1600757273924:-gb
1600757279236:-gb 2
1600758542488:all
1600764095508:get-book
1600764101994:-gb
1600764134923:get-Book
1600764142607:getBook
1600764209361:get-book
1600764802043:get-book 2
1600764812374:all
1600764858229:get-book 2
1600764922095:get-book
1600765076413:get-book 1
1600765094806:get-book 100
1600765200667:get-book
1600765465971:get-book 1
1600765508048:get-book
1600765653030:get-book 2
1600765658827:get-book 100
1600765949259:get-book
1600768800876:all
1600769334630:фдд
1600769336159:all
1600769514721:d 1
1600769519421:all
1600770089471:get 2
1600770099207:get 1
1600770124357:get
1600770138160:get 2
1600770148593:get 4
1600770152359:get 6
1600772471811:create name author genre
1600773128902:create a b c
1600773575610:all
1600773743725:create a b c
1600773756299:all
1600773867526:create a b c
1600773870225:all
1600773889139:create Грокаем алгоритмы b d
1600773905542:create 'Грокаем алгоритмы' b d
1600773909132:all
1600773933731:create 'Грокаем алгоритмы' b d
1600774112482:create a b
1600774138976:create a b ''
1600774166427:create a b ""
1600774556034:update 1 ddd
1600782175011:all
1600782309750:update 2 'Как пасти котов2' 'Адитья Бхаргава' 'Научно-популярная'
1600782327275:all
